Build started 10/23/2013 4:09:30 PM.
     1>Project "C:\Users\Anthony\Dropbox\Programming\C++\Neumont\GameSkeleton\GameSolution\Game\Game.vcxproj" on node 2 (Build target(s)).
     1>ClCompile:
         C:\Program Files (x86)\Microsoft Visual Studio 11.0\VC\bin\CL.exe /c /IC:\Users\Anthony\Dropbox\Programming\C++\Neumont\GameSkeleton\GameSolution\\Engine /IC:\Users\Anthony\Dropbox\Programming\C++\Neumont\GameSkeleton\GameSolution\\Core\include /ZI /nologo /W4 /WX- /Od /Oy- /D WIN32 /D _DEBUG /D _WINDOWS /D _UNICODE /D UNICODE /Gm /EHsc /RTC1 /MDd /GS /fp:precise /Zc:wchar_t /Zc:forScope /Fo"Debug\\" /Fd"Debug\vc110.pdb" /Gd /TP /analyze- /errorReport:prompt Spaceship.cpp
         Spaceship.cpp
     1>c:\users\anthony\dropbox\programming\c++\neumont\gameskeleton\gamesolution\engine\vector 2.inl(12): warning C4244: 'initializing' : conversion from 'double' to 'float', possible loss of data
     1>c:\users\anthony\dropbox\programming\c++\neumont\gameskeleton\gamesolution\engine\vector 2.inl(32): warning C4239: nonstandard extension used : 'argument' : conversion from 'Vector2D' to 'Vector2D &'
                 A non-const reference may only be bound to an lvalue
     1>c:\users\anthony\dropbox\programming\c++\neumont\gameskeleton\gamesolution\game\spaceship.h(12): warning C4244: 'argument' : conversion from 'int' to 'float', possible loss of data
     1>c:\users\anthony\dropbox\programming\c++\neumont\gameskeleton\gamesolution\game\spaceship.cpp(5): warning C4244: 'initializing' : conversion from 'float' to 'int', possible loss of data
     1>c:\users\anthony\dropbox\programming\c++\neumont\gameskeleton\gamesolution\game\spaceship.cpp(6): warning C4244: 'initializing' : conversion from 'float' to 'int', possible loss of data
     1>c:\users\anthony\dropbox\programming\c++\neumont\gameskeleton\gamesolution\game\spaceship.cpp(8): warning C4244: 'argument' : conversion from 'int' to 'float', possible loss of data
     1>c:\users\anthony\dropbox\programming\c++\neumont\gameskeleton\gamesolution\game\spaceship.cpp(9): warning C4244: 'argument' : conversion from 'int' to 'float', possible loss of data
     1>c:\users\anthony\dropbox\programming\c++\neumont\gameskeleton\gamesolution\game\spaceship.cpp(12): warning C4244: 'argument' : conversion from 'int' to 'float', possible loss of data
     1>c:\users\anthony\dropbox\programming\c++\neumont\gameskeleton\gamesolution\game\spaceship.cpp(13): warning C4244: 'argument' : conversion from 'int' to 'float', possible loss of data
     1>c:\users\anthony\dropbox\programming\c++\neumont\gameskeleton\gamesolution\game\spaceship.cpp(16): warning C4244: 'argument' : conversion from 'int' to 'float', possible loss of data
     1>c:\users\anthony\dropbox\programming\c++\neumont\gameskeleton\gamesolution\game\spaceship.cpp(17): warning C4244: 'argument' : conversion from 'int' to 'float', possible loss of data
     1>c:\users\anthony\dropbox\programming\c++\neumont\gameskeleton\gamesolution\game\spaceship.cpp(18): warning C4244: 'argument' : conversion from 'int' to 'float', possible loss of data
       Link:
         C:\Program Files (x86)\Microsoft Visual Studio 11.0\VC\bin\link.exe /ERRORREPORT:PROMPT /OUT:"C:\Users\Anthony\Dropbox\Programming\C++\Neumont\GameSkeleton\GameSolution\Debug\Game.exe" /INCREMENTAL /NOLOGO /LIBPATH:C:\Users\Anthony\Dropbox\Programming\C++\Neumont\GameSkeleton\GameSolution\Debug\ /LIBPATH:C:\Users\Anthony\Dropbox\Programming\C++\Neumont\GameSkeleton\GameSolution\\Core\lib /LIBPATH:C:\Users\Anthony\Dropbox\Programming\C++\Neumont\GameSkeleton\GameSolution\Debug\ kernel32.lib user32.lib gdi32.lib winspool.lib comdlg32.lib advapi32.lib shell32.lib ole32.lib oleaut32.lib uuid.lib odbc32.lib odbccp32.lib Engine.lib Core.lib kernel32.lib user32.lib gdi32.lib winspool.lib comdlg32.lib advapi32.lib shell32.lib ole32.lib oleaut32.lib uuid.lib odbc32.lib odbccp32.lib /MANIFEST /MANIFESTUAC:"level='asInvoker' uiAccess='false'" /manifest:embed /DEBUG /PDB:"C:\Users\Anthony\Dropbox\Programming\C++\Neumont\GameSkeleton\GameSolution\Debug\Game.pdb" /SUBSYSTEM:WINDOWS /TLBID:1 /ENTRY:"mainCRTStartup" /DYNAMICBASE /NXCOMPAT /IMPLIB:"C:\Users\Anthony\Dropbox\Programming\C++\Neumont\GameSkeleton\GameSolution\Debug\Game.lib" /MACHINE:X86 Debug\main.obj
         Debug\Spaceship.obj
         Game.vcxproj -> C:\Users\Anthony\Dropbox\Programming\C++\Neumont\GameSkeleton\GameSolution\Debug\Game.exe
     1>Done Building Project "C:\Users\Anthony\Dropbox\Programming\C++\Neumont\GameSkeleton\GameSolution\Game\Game.vcxproj" (Build target(s)).

Build succeeded.

Time Elapsed 00:00:03.73
