Build started 12/4/2013 11:34:15 AM.
     1>Project "C:\Users\Anthony\Dropbox\Programming\C++\Neumont\GameSkeleton\Cool Text Effects\Game\Game.vcxproj" on node 2 (Build target(s)).
     1>ClCompile:
         C:\Program Files (x86)\Microsoft Visual Studio 11.0\VC\bin\CL.exe /c /I"C:\Users\Anthony\Dropbox\Programming\C++\Neumont\GameSkeleton\Cool Text Effects\\Engine" /I"C:\Users\Anthony\Dropbox\Programming\C++\Neumont\GameSkeleton\Cool Text Effects\\Core\include" /ZI /nologo /W4 /WX- /Od /Oy- /D LOG_OFF /D WIN32 /D _DEBUG /D _WINDOWS /D _UNICODE /D UNICODE /Gm /EHsc /RTC1 /MDd /GS /fp:precise /Zc:wchar_t /Zc:forScope /Fo"Debug\\" /Fd"Debug\vc110.pdb" /Gd /TP /analyze- /errorReport:prompt ParticalWithDestination.cpp TextParticalManager.cpp
         ParticalWithDestination.cpp
         Generating Code...
         Compiling...
         TextParticalManager.cpp
     1>c:\users\anthony\dropbox\programming\c++\neumont\gameskeleton\cool text effects\game\textparticalmanager.cpp(18): warning C4239: nonstandard extension used : 'argument' : conversion from 'Vector2D' to 'Vector2D &'
                 A non-const reference may only be bound to an lvalue
         Generating Code...
       Link:
         C:\Program Files (x86)\Microsoft Visual Studio 11.0\VC\bin\link.exe /ERRORREPORT:PROMPT /OUT:"C:\Users\Anthony\Dropbox\Programming\C++\Neumont\GameSkeleton\Cool Text Effects\Debug\Game.exe" /INCREMENTAL /NOLOGO /LIBPATH:"C:\Users\Anthony\Dropbox\Programming\C++\Neumont\GameSkeleton\Cool Text Effects\Debug\\" /LIBPATH:"C:\Users\Anthony\Dropbox\Programming\C++\Neumont\GameSkeleton\Cool Text Effects\\Core\lib" /LIBPATH:"C:\Users\Anthony\Dropbox\Programming\C++\Neumont\GameSkeleton\Cool Text Effects\Debug\\" kernel32.lib user32.lib gdi32.lib winspool.lib comdlg32.lib advapi32.lib shell32.lib ole32.lib oleaut32.lib uuid.lib odbc32.lib odbccp32.lib Engine.lib Core.lib kernel32.lib user32.lib gdi32.lib winspool.lib comdlg32.lib advapi32.lib shell32.lib ole32.lib oleaut32.lib uuid.lib odbc32.lib odbccp32.lib /MANIFEST /MANIFESTUAC:"level='asInvoker' uiAccess='false'" /manifest:embed /DEBUG /PDB:"C:\Users\Anthony\Dropbox\Programming\C++\Neumont\GameSkeleton\Cool Text Effects\Debug\Game.pdb" /SUBSYSTEM:WINDOWS /TLBID:1 /ENTRY:"mainCRTStartup" /DYNAMICBASE /NXCOMPAT /IMPLIB:"C:\Users\Anthony\Dropbox\Programming\C++\Neumont\GameSkeleton\Cool Text Effects\Debug\Game.lib" /MACHINE:X86 Debug\Font.obj
         Debug\Letter.obj
         Debug\main.obj
         Debug\ParticalWithDestination.obj
         Debug\TextParticalManager.obj
         Game.vcxproj -> C:\Users\Anthony\Dropbox\Programming\C++\Neumont\GameSkeleton\Cool Text Effects\Debug\Game.exe
     1>Done Building Project "C:\Users\Anthony\Dropbox\Programming\C++\Neumont\GameSkeleton\Cool Text Effects\Game\Game.vcxproj" (Build target(s)).

Build succeeded.

Time Elapsed 00:00:01.84
