C:\USERS\ANTHONY\DROPBOX\PROGRAMMING\C++\NEUMONT\GAMESKELETON\GAMESOLUTION\ENGINE\RELEASE\TIMER.OBJ
C:\USERS\ANTHONY\DROPBOX\PROGRAMMING\C++\NEUMONT\GAMESKELETON\GAMESOLUTION\ENGINE\RELEASE\SHADERUNIFORMPRAM.OBJ
C:\USERS\ANTHONY\DROPBOX\PROGRAMMING\C++\NEUMONT\GAMESKELETON\GAMESOLUTION\ENGINE\RELEASE\SHADERPROGRAM.OBJ
C:\USERS\ANTHONY\DROPBOX\PROGRAMMING\C++\NEUMONT\GAMESKELETON\GAMESOLUTION\ENGINE\RELEASE\RENDERER.OBJ
C:\USERS\ANTHONY\DROPBOX\PROGRAMMING\C++\NEUMONT\GAMESKELETON\GAMESOLUTION\ENGINE\RELEASE\RENDERABLE.OBJ
C:\USERS\ANTHONY\DROPBOX\PROGRAMMING\C++\NEUMONT\GAMESKELETON\GAMESOLUTION\ENGINE\RELEASE\NUSHAPEEDITOR.OBJ
C:\USERS\ANTHONY\DROPBOX\PROGRAMMING\C++\NEUMONT\GAMESKELETON\GAMESOLUTION\ENGINE\RELEASE\MYRANDOM.OBJ
C:\USERS\ANTHONY\DROPBOX\PROGRAMMING\C++\NEUMONT\GAMESKELETON\GAMESOLUTION\ENGINE\RELEASE\LOGMANAGER.OBJ
C:\USERS\ANTHONY\DROPBOX\PROGRAMMING\C++\NEUMONT\GAMESKELETON\GAMESOLUTION\ENGINE\RELEASE\GEOMETRYINFO.OBJ
C:\USERS\ANTHONY\DROPBOX\PROGRAMMING\C++\NEUMONT\GAMESKELETON\GAMESOLUTION\ENGINE\RELEASE\DLLMAIN.OBJ
C:\USERS\ANTHONY\DROPBOX\PROGRAMMING\C++\NEUMONT\GAMESKELETON\GAMESOLUTION\ENGINE\RELEASE\DEBUGTIMER.OBJ
C:\USERS\ANTHONY\DROPBOX\PROGRAMMING\C++\NEUMONT\GAMESKELETON\GAMESOLUTION\ENGINE\RELEASE\CAMERA.OBJ
C:\USERS\ANTHONY\DROPBOX\PROGRAMMING\C++\NEUMONT\GAMESKELETON\GAMESOLUTION\ENGINE\RELEASE\BUFFERMANAGER.OBJ
C:\USERS\ANTHONY\DROPBOX\PROGRAMMING\C++\NEUMONT\GAMESKELETON\GAMESOLUTION\ENGINE\RELEASE\BINARYTOSHAPELOADER.OBJ
C:\USERS\ANTHONY\DROPBOX\PROGRAMMING\C++\NEUMONT\GAMESKELETON\GAMESOLUTION\ENGINE\RELEASE\AUTOPROFILERMANAGER.OBJ
C:\USERS\ANTHONY\DROPBOX\PROGRAMMING\C++\NEUMONT\GAMESKELETON\GAMESOLUTION\ENGINE\RELEASE\VC110.PDB
C:\Users\Anthony\Dropbox\Programming\C++\Neumont\GameSkeleton\GameSolution\Engine\Release\AutoProfilerManager.obj
C:\Users\Anthony\Dropbox\Programming\C++\Neumont\GameSkeleton\GameSolution\Engine\Release\BinaryToShapeLoader.obj
C:\Users\Anthony\Dropbox\Programming\C++\Neumont\GameSkeleton\GameSolution\Engine\Release\BufferManager.obj
C:\Users\Anthony\Dropbox\Programming\C++\Neumont\GameSkeleton\GameSolution\Engine\Release\Camera.obj
C:\Users\Anthony\Dropbox\Programming\C++\Neumont\GameSkeleton\GameSolution\Engine\Release\DebugTimer.obj
C:\Users\Anthony\Dropbox\Programming\C++\Neumont\GameSkeleton\GameSolution\Engine\Release\dllmain.obj
C:\Users\Anthony\Dropbox\Programming\C++\Neumont\GameSkeleton\GameSolution\Engine\Release\GeometryInfo.obj
C:\Users\Anthony\Dropbox\Programming\C++\Neumont\GameSkeleton\GameSolution\Engine\Release\LogManager.obj
C:\Users\Anthony\Dropbox\Programming\C++\Neumont\GameSkeleton\GameSolution\Engine\Release\MyRandom.obj
C:\Users\Anthony\Dropbox\Programming\C++\Neumont\GameSkeleton\GameSolution\Engine\Release\NUShapeEditor.obj
C:\Users\Anthony\Dropbox\Programming\C++\Neumont\GameSkeleton\GameSolution\Engine\Release\Renderable.obj
C:\Users\Anthony\Dropbox\Programming\C++\Neumont\GameSkeleton\GameSolution\Engine\Release\Renderer.obj
C:\Users\Anthony\Dropbox\Programming\C++\Neumont\GameSkeleton\GameSolution\Engine\Release\ShaderProgram.obj
C:\Users\Anthony\Dropbox\Programming\C++\Neumont\GameSkeleton\GameSolution\Engine\Release\ShaderUniformPram.obj
C:\Users\Anthony\Dropbox\Programming\C++\Neumont\GameSkeleton\GameSolution\Engine\Release\Timer.obj
C:\Users\Anthony\Dropbox\Programming\C++\Neumont\GameSkeleton\GameSolution\Engine\Release\cl.command.1.tlog
C:\Users\Anthony\Dropbox\Programming\C++\Neumont\GameSkeleton\GameSolution\Engine\Release\CL.read.1.tlog
C:\Users\Anthony\Dropbox\Programming\C++\Neumont\GameSkeleton\GameSolution\Engine\Release\CL.write.1.tlog
C:\Users\Anthony\Dropbox\Programming\C++\Neumont\GameSkeleton\GameSolution\Engine\Release\link.command.1.tlog
C:\Users\Anthony\Dropbox\Programming\C++\Neumont\GameSkeleton\GameSolution\Engine\Release\link.read.1.tlog
C:\Users\Anthony\Dropbox\Programming\C++\Neumont\GameSkeleton\GameSolution\Engine\Release\link.write.1.tlog
C:\Users\Anthony\Dropbox\Programming\C++\Neumont\GameSkeleton\GameSolution\Engine\Release\vc110.pdb
