Build started 1/22/2014 10:17:55 PM.
     1>Project "C:\Users\Anthony\Dropbox\Programming\C++\Neumont\GameSkeleton\OpenGLScratchPad\OpenGLScratchPad\OpenGLScratchPad.vcxproj" on node 2 (Build target(s)).
     1>ClCompile:
         C:\Program Files (x86)\Microsoft Visual Studio 11.0\VC\bin\CL.exe /c /IC:\Users\Anthony\Dropbox\Programming\C++\Neumont\GameSkeleton\OpenGLScratchPad\OpenGLScratchPad\../../MiddleWare/glew/include /IC:\Users\Anthony\Dropbox\Programming\C++\Neumont\GameSkeleton\OpenGLScratchPad\OpenGLScratchPad\../../MiddleWare/glm /IC:\Users\Anthony\Dropbox\Programming\C++\Neumont\GameSkeleton\OpenGLScratchPad\OpenGLScratchPad\../../MiddleWare/Qt/include /ZI /nologo /W3 /WX- /Od /Oy- /D WIN32 /D _DEBUG /D _CONSOLE /D _UNICODE /D UNICODE /Gm /EHsc /RTC1 /MDd /GS /fp:precise /Zc:wchar_t /Zc:forScope /Fo"Debug\\" /Fd"Debug\vc110.pdb" /Gd /TP /analyze- /errorReport:prompt Main.cpp MeGLWindow.cpp MeGLWindow_mock.cpp Player.cpp
         Main.cpp
         Generating Code...
         Skipping... (no relevant changes detected)
         Player.cpp
         MeGLWindow_mock.cpp
         MeGLWindow.cpp
       Link:
         C:\Program Files (x86)\Microsoft Visual Studio 11.0\VC\bin\link.exe /ERRORREPORT:PROMPT /OUT:"C:\Users\Anthony\Dropbox\Programming\C++\Neumont\GameSkeleton\OpenGLScratchPad\Debug\OpenGLScratchPad.exe" /INCREMENTAL /NOLOGO /LIBPATH:C:\Users\Anthony\Dropbox\Programming\C++\Neumont\GameSkeleton\OpenGLScratchPad\OpenGLScratchPad\../../MiddleWare/Qt/lib /LIBPATH:C:\Users\Anthony\Dropbox\Programming\C++\Neumont\GameSkeleton\OpenGLScratchPad\OpenGLScratchPad\../../MiddleWare/glew/lib opengl32.lib QtCored4.lib QtGuid4.lib QtOpenGLd4.lib glew32s.lib glew32.lib glew32d.lib glew32sd.lib kernel32.lib user32.lib gdi32.lib winspool.lib comdlg32.lib advapi32.lib shell32.lib ole32.lib oleaut32.lib uuid.lib odbc32.lib odbccp32.lib kernel32.lib user32.lib gdi32.lib winspool.lib comdlg32.lib advapi32.lib shell32.lib ole32.lib oleaut32.lib uuid.lib odbc32.lib odbccp32.lib /MANIFEST /MANIFESTUAC:"level='asInvoker' uiAccess='false'" /manifest:embed /DEBUG /PDB:"C:\Users\Anthony\Dropbox\Programming\C++\Neumont\GameSkeleton\OpenGLScratchPad\Debug\OpenGLScratchPad.pdb" /SUBSYSTEM:CONSOLE /TLBID:1 /DYNAMICBASE /NXCOMPAT /IMPLIB:"C:\Users\Anthony\Dropbox\Programming\C++\Neumont\GameSkeleton\OpenGLScratchPad\Debug\OpenGLScratchPad.lib" /MACHINE:X86 Debug\Main.obj
         Debug\MeGLWindow.obj
         Debug\MeGLWindow_mock.obj
         Debug\Player.obj
         Debug\ShaderProgram.obj
         OpenGLScratchPad.vcxproj -> C:\Users\Anthony\Dropbox\Programming\C++\Neumont\GameSkeleton\OpenGLScratchPad\Debug\OpenGLScratchPad.exe
     1>Done Building Project "C:\Users\Anthony\Dropbox\Programming\C++\Neumont\GameSkeleton\OpenGLScratchPad\OpenGLScratchPad\OpenGLScratchPad.vcxproj" (Build target(s)).

Build succeeded.

Time Elapsed 00:00:16.21
