C:\USERS\ANTHONY\DROPBOX\PROGRAMMING\C++\NEUMONT\GAMESKELETON\OPENGL3D\OPENGL3D\DEBUG\MAIN.OBJ
C:\USERS\ANTHONY\DROPBOX\PROGRAMMING\C++\NEUMONT\GAMESKELETON\OPENGL3D\OPENGL3D\DEBUG\MEGLWINDOW.OBJ
C:\USERS\ANTHONY\DROPBOX\PROGRAMMING\C++\NEUMONT\GAMESKELETON\OPENGL3D\OPENGL3D\DEBUG\PLAYER.OBJ
C:\USERS\ANTHONY\DROPBOX\PROGRAMMING\C++\NEUMONT\GAMESKELETON\OPENGL3D\OPENGL3D\DEBUG\SHADERPROGRAM.OBJ
C:\USERS\ANTHONY\DROPBOX\PROGRAMMING\C++\NEUMONT\GAMESKELETON\OPENGL3D\OPENGL3D\DEBUG\VC110.PDB
C:\USERS\ANTHONY\DROPBOX\PROGRAMMING\C++\NEUMONT\GAMESKELETON\OPENGL3D\OPENGL3D\DEBUG\MEGLWINDOW_MOCK.OBJ
C:\USERS\ANTHONY\DROPBOX\PROGRAMMING\C++\NEUMONT\GAMESKELETON\OPENGL3D\OPENGL3D\DEBUG\CUBESOLARSYSTEM.OBJ
C:\USERS\ANTHONY\DROPBOX\PROGRAMMING\C++\NEUMONT\GAMESKELETON\OPENGL3D\OPENGL3D\DEBUG\RANDOMNESS.OBJ
C:\USERS\ANTHONY\DROPBOX\PROGRAMMING\C++\NEUMONT\GAMESKELETON\OPENGL3D\DEBUG\OPENGL3D.ILK
C:\USERS\ANTHONY\DROPBOX\PROGRAMMING\C++\NEUMONT\GAMESKELETON\OPENGL3D\DEBUG\OPENGL3D.EXE
C:\USERS\ANTHONY\DROPBOX\PROGRAMMING\C++\NEUMONT\GAMESKELETON\OPENGL3D\DEBUG\OPENGL3D.PDB
C:\Users\Anthony\Dropbox\Programming\C++\Neumont\GameSkeleton\OpenGL3D\OpenGL3D\Debug\CubeSolarSystem.obj
C:\Users\Anthony\Dropbox\Programming\C++\Neumont\GameSkeleton\OpenGL3D\OpenGL3D\Debug\Main.obj
C:\Users\Anthony\Dropbox\Programming\C++\Neumont\GameSkeleton\OpenGL3D\OpenGL3D\Debug\MeGLWindow.obj
C:\Users\Anthony\Dropbox\Programming\C++\Neumont\GameSkeleton\OpenGL3D\OpenGL3D\Debug\MeGLWindow_mock.obj
C:\Users\Anthony\Dropbox\Programming\C++\Neumont\GameSkeleton\OpenGL3D\OpenGL3D\Debug\Player.obj
C:\Users\Anthony\Dropbox\Programming\C++\Neumont\GameSkeleton\OpenGL3D\OpenGL3D\Debug\Randomness.obj
C:\Users\Anthony\Dropbox\Programming\C++\Neumont\GameSkeleton\OpenGL3D\OpenGL3D\Debug\ShaderProgram.obj
C:\Users\Anthony\Dropbox\Programming\C++\Neumont\GameSkeleton\OpenGL3D\OpenGL3D\Debug\cl.command.1.tlog
C:\Users\Anthony\Dropbox\Programming\C++\Neumont\GameSkeleton\OpenGL3D\OpenGL3D\Debug\CL.read.1.tlog
C:\Users\Anthony\Dropbox\Programming\C++\Neumont\GameSkeleton\OpenGL3D\OpenGL3D\Debug\CL.write.1.tlog
C:\Users\Anthony\Dropbox\Programming\C++\Neumont\GameSkeleton\OpenGL3D\OpenGL3D\Debug\link-cvtres.read.1.tlog
C:\Users\Anthony\Dropbox\Programming\C++\Neumont\GameSkeleton\OpenGL3D\OpenGL3D\Debug\link-cvtres.write.1.tlog
C:\Users\Anthony\Dropbox\Programming\C++\Neumont\GameSkeleton\OpenGL3D\OpenGL3D\Debug\link-rc.read.1.tlog
C:\Users\Anthony\Dropbox\Programming\C++\Neumont\GameSkeleton\OpenGL3D\OpenGL3D\Debug\link-rc.write.1.tlog
C:\Users\Anthony\Dropbox\Programming\C++\Neumont\GameSkeleton\OpenGL3D\OpenGL3D\Debug\link.1188-cvtres.read.1.tlog
C:\Users\Anthony\Dropbox\Programming\C++\Neumont\GameSkeleton\OpenGL3D\OpenGL3D\Debug\link.1188-cvtres.write.1.tlog
C:\Users\Anthony\Dropbox\Programming\C++\Neumont\GameSkeleton\OpenGL3D\OpenGL3D\Debug\link.1188-rc.read.1.tlog
C:\Users\Anthony\Dropbox\Programming\C++\Neumont\GameSkeleton\OpenGL3D\OpenGL3D\Debug\link.1188-rc.write.1.tlog
C:\Users\Anthony\Dropbox\Programming\C++\Neumont\GameSkeleton\OpenGL3D\OpenGL3D\Debug\link.1188.read.1.tlog
C:\Users\Anthony\Dropbox\Programming\C++\Neumont\GameSkeleton\OpenGL3D\OpenGL3D\Debug\link.1188.write.1.tlog
C:\Users\Anthony\Dropbox\Programming\C++\Neumont\GameSkeleton\OpenGL3D\OpenGL3D\Debug\link.1732-cvtres.read.1.tlog
C:\Users\Anthony\Dropbox\Programming\C++\Neumont\GameSkeleton\OpenGL3D\OpenGL3D\Debug\link.1732-cvtres.write.1.tlog
C:\Users\Anthony\Dropbox\Programming\C++\Neumont\GameSkeleton\OpenGL3D\OpenGL3D\Debug\link.1732-rc.read.1.tlog
C:\Users\Anthony\Dropbox\Programming\C++\Neumont\GameSkeleton\OpenGL3D\OpenGL3D\Debug\link.1732-rc.write.1.tlog
C:\Users\Anthony\Dropbox\Programming\C++\Neumont\GameSkeleton\OpenGL3D\OpenGL3D\Debug\link.1732.read.1.tlog
C:\Users\Anthony\Dropbox\Programming\C++\Neumont\GameSkeleton\OpenGL3D\OpenGL3D\Debug\link.1732.write.1.tlog
C:\Users\Anthony\Dropbox\Programming\C++\Neumont\GameSkeleton\OpenGL3D\OpenGL3D\Debug\link.2308-cvtres.read.1.tlog
C:\Users\Anthony\Dropbox\Programming\C++\Neumont\GameSkeleton\OpenGL3D\OpenGL3D\Debug\link.2308-cvtres.write.1.tlog
C:\Users\Anthony\Dropbox\Programming\C++\Neumont\GameSkeleton\OpenGL3D\OpenGL3D\Debug\link.2308-rc.read.1.tlog
C:\Users\Anthony\Dropbox\Programming\C++\Neumont\GameSkeleton\OpenGL3D\OpenGL3D\Debug\link.2308-rc.write.1.tlog
C:\Users\Anthony\Dropbox\Programming\C++\Neumont\GameSkeleton\OpenGL3D\OpenGL3D\Debug\link.2308.read.1.tlog
C:\Users\Anthony\Dropbox\Programming\C++\Neumont\GameSkeleton\OpenGL3D\OpenGL3D\Debug\link.2308.write.1.tlog
C:\Users\Anthony\Dropbox\Programming\C++\Neumont\GameSkeleton\OpenGL3D\OpenGL3D\Debug\link.2788-cvtres.read.1.tlog
C:\Users\Anthony\Dropbox\Programming\C++\Neumont\GameSkeleton\OpenGL3D\OpenGL3D\Debug\link.2788-cvtres.write.1.tlog
C:\Users\Anthony\Dropbox\Programming\C++\Neumont\GameSkeleton\OpenGL3D\OpenGL3D\Debug\link.2788-rc.read.1.tlog
C:\Users\Anthony\Dropbox\Programming\C++\Neumont\GameSkeleton\OpenGL3D\OpenGL3D\Debug\link.2788-rc.write.1.tlog
C:\Users\Anthony\Dropbox\Programming\C++\Neumont\GameSkeleton\OpenGL3D\OpenGL3D\Debug\link.2788.read.1.tlog
C:\Users\Anthony\Dropbox\Programming\C++\Neumont\GameSkeleton\OpenGL3D\OpenGL3D\Debug\link.2788.write.1.tlog
C:\Users\Anthony\Dropbox\Programming\C++\Neumont\GameSkeleton\OpenGL3D\OpenGL3D\Debug\link.3092-cvtres.read.1.tlog
C:\Users\Anthony\Dropbox\Programming\C++\Neumont\GameSkeleton\OpenGL3D\OpenGL3D\Debug\link.3092-cvtres.write.1.tlog
C:\Users\Anthony\Dropbox\Programming\C++\Neumont\GameSkeleton\OpenGL3D\OpenGL3D\Debug\link.3092-rc.read.1.tlog
C:\Users\Anthony\Dropbox\Programming\C++\Neumont\GameSkeleton\OpenGL3D\OpenGL3D\Debug\link.3092-rc.write.1.tlog
C:\Users\Anthony\Dropbox\Programming\C++\Neumont\GameSkeleton\OpenGL3D\OpenGL3D\Debug\link.3092.read.1.tlog
C:\Users\Anthony\Dropbox\Programming\C++\Neumont\GameSkeleton\OpenGL3D\OpenGL3D\Debug\link.3092.write.1.tlog
C:\Users\Anthony\Dropbox\Programming\C++\Neumont\GameSkeleton\OpenGL3D\OpenGL3D\Debug\link.3580-cvtres.read.1.tlog
C:\Users\Anthony\Dropbox\Programming\C++\Neumont\GameSkeleton\OpenGL3D\OpenGL3D\Debug\link.3580-cvtres.write.1.tlog
C:\Users\Anthony\Dropbox\Programming\C++\Neumont\GameSkeleton\OpenGL3D\OpenGL3D\Debug\link.3580-rc.read.1.tlog
C:\Users\Anthony\Dropbox\Programming\C++\Neumont\GameSkeleton\OpenGL3D\OpenGL3D\Debug\link.3580-rc.write.1.tlog
C:\Users\Anthony\Dropbox\Programming\C++\Neumont\GameSkeleton\OpenGL3D\OpenGL3D\Debug\link.3580.read.1.tlog
C:\Users\Anthony\Dropbox\Programming\C++\Neumont\GameSkeleton\OpenGL3D\OpenGL3D\Debug\link.3580.write.1.tlog
C:\Users\Anthony\Dropbox\Programming\C++\Neumont\GameSkeleton\OpenGL3D\OpenGL3D\Debug\link.3768-cvtres.read.1.tlog
C:\Users\Anthony\Dropbox\Programming\C++\Neumont\GameSkeleton\OpenGL3D\OpenGL3D\Debug\link.3768-cvtres.write.1.tlog
C:\Users\Anthony\Dropbox\Programming\C++\Neumont\GameSkeleton\OpenGL3D\OpenGL3D\Debug\link.3768-rc.read.1.tlog
C:\Users\Anthony\Dropbox\Programming\C++\Neumont\GameSkeleton\OpenGL3D\OpenGL3D\Debug\link.3768-rc.write.1.tlog
C:\Users\Anthony\Dropbox\Programming\C++\Neumont\GameSkeleton\OpenGL3D\OpenGL3D\Debug\link.3768.read.1.tlog
C:\Users\Anthony\Dropbox\Programming\C++\Neumont\GameSkeleton\OpenGL3D\OpenGL3D\Debug\link.3768.write.1.tlog
C:\Users\Anthony\Dropbox\Programming\C++\Neumont\GameSkeleton\OpenGL3D\OpenGL3D\Debug\link.4404-cvtres.read.1.tlog
C:\Users\Anthony\Dropbox\Programming\C++\Neumont\GameSkeleton\OpenGL3D\OpenGL3D\Debug\link.4404-cvtres.write.1.tlog
C:\Users\Anthony\Dropbox\Programming\C++\Neumont\GameSkeleton\OpenGL3D\OpenGL3D\Debug\link.4404-rc.read.1.tlog
C:\Users\Anthony\Dropbox\Programming\C++\Neumont\GameSkeleton\OpenGL3D\OpenGL3D\Debug\link.4404-rc.write.1.tlog
C:\Users\Anthony\Dropbox\Programming\C++\Neumont\GameSkeleton\OpenGL3D\OpenGL3D\Debug\link.4404.read.1.tlog
C:\Users\Anthony\Dropbox\Programming\C++\Neumont\GameSkeleton\OpenGL3D\OpenGL3D\Debug\link.4404.write.1.tlog
C:\Users\Anthony\Dropbox\Programming\C++\Neumont\GameSkeleton\OpenGL3D\OpenGL3D\Debug\link.4492-cvtres.read.1.tlog
C:\Users\Anthony\Dropbox\Programming\C++\Neumont\GameSkeleton\OpenGL3D\OpenGL3D\Debug\link.4492-cvtres.write.1.tlog
C:\Users\Anthony\Dropbox\Programming\C++\Neumont\GameSkeleton\OpenGL3D\OpenGL3D\Debug\link.4492-rc.read.1.tlog
C:\Users\Anthony\Dropbox\Programming\C++\Neumont\GameSkeleton\OpenGL3D\OpenGL3D\Debug\link.4492-rc.write.1.tlog
C:\Users\Anthony\Dropbox\Programming\C++\Neumont\GameSkeleton\OpenGL3D\OpenGL3D\Debug\link.4492.read.1.tlog
C:\Users\Anthony\Dropbox\Programming\C++\Neumont\GameSkeleton\OpenGL3D\OpenGL3D\Debug\link.4492.write.1.tlog
C:\Users\Anthony\Dropbox\Programming\C++\Neumont\GameSkeleton\OpenGL3D\OpenGL3D\Debug\link.5544-cvtres.read.1.tlog
C:\Users\Anthony\Dropbox\Programming\C++\Neumont\GameSkeleton\OpenGL3D\OpenGL3D\Debug\link.5544-cvtres.write.1.tlog
C:\Users\Anthony\Dropbox\Programming\C++\Neumont\GameSkeleton\OpenGL3D\OpenGL3D\Debug\link.5544-rc.read.1.tlog
C:\Users\Anthony\Dropbox\Programming\C++\Neumont\GameSkeleton\OpenGL3D\OpenGL3D\Debug\link.5544-rc.write.1.tlog
C:\Users\Anthony\Dropbox\Programming\C++\Neumont\GameSkeleton\OpenGL3D\OpenGL3D\Debug\link.5544.read.1.tlog
C:\Users\Anthony\Dropbox\Programming\C++\Neumont\GameSkeleton\OpenGL3D\OpenGL3D\Debug\link.5544.write.1.tlog
C:\Users\Anthony\Dropbox\Programming\C++\Neumont\GameSkeleton\OpenGL3D\OpenGL3D\Debug\link.5688-cvtres.read.1.tlog
C:\Users\Anthony\Dropbox\Programming\C++\Neumont\GameSkeleton\OpenGL3D\OpenGL3D\Debug\link.5688-cvtres.write.1.tlog
C:\Users\Anthony\Dropbox\Programming\C++\Neumont\GameSkeleton\OpenGL3D\OpenGL3D\Debug\link.5688-rc.read.1.tlog
C:\Users\Anthony\Dropbox\Programming\C++\Neumont\GameSkeleton\OpenGL3D\OpenGL3D\Debug\link.5688-rc.write.1.tlog
C:\Users\Anthony\Dropbox\Programming\C++\Neumont\GameSkeleton\OpenGL3D\OpenGL3D\Debug\link.5688.read.1.tlog
C:\Users\Anthony\Dropbox\Programming\C++\Neumont\GameSkeleton\OpenGL3D\OpenGL3D\Debug\link.5688.write.1.tlog
C:\Users\Anthony\Dropbox\Programming\C++\Neumont\GameSkeleton\OpenGL3D\OpenGL3D\Debug\link.6068-cvtres.read.1.tlog
C:\Users\Anthony\Dropbox\Programming\C++\Neumont\GameSkeleton\OpenGL3D\OpenGL3D\Debug\link.6068-cvtres.write.1.tlog
C:\Users\Anthony\Dropbox\Programming\C++\Neumont\GameSkeleton\OpenGL3D\OpenGL3D\Debug\link.6068-rc.read.1.tlog
C:\Users\Anthony\Dropbox\Programming\C++\Neumont\GameSkeleton\OpenGL3D\OpenGL3D\Debug\link.6068-rc.write.1.tlog
C:\Users\Anthony\Dropbox\Programming\C++\Neumont\GameSkeleton\OpenGL3D\OpenGL3D\Debug\link.6068.read.1.tlog
C:\Users\Anthony\Dropbox\Programming\C++\Neumont\GameSkeleton\OpenGL3D\OpenGL3D\Debug\link.6068.write.1.tlog
C:\Users\Anthony\Dropbox\Programming\C++\Neumont\GameSkeleton\OpenGL3D\OpenGL3D\Debug\link.6152-cvtres.read.1.tlog
C:\Users\Anthony\Dropbox\Programming\C++\Neumont\GameSkeleton\OpenGL3D\OpenGL3D\Debug\link.6152-cvtres.write.1.tlog
C:\Users\Anthony\Dropbox\Programming\C++\Neumont\GameSkeleton\OpenGL3D\OpenGL3D\Debug\link.6152-rc.read.1.tlog
C:\Users\Anthony\Dropbox\Programming\C++\Neumont\GameSkeleton\OpenGL3D\OpenGL3D\Debug\link.6152-rc.write.1.tlog
C:\Users\Anthony\Dropbox\Programming\C++\Neumont\GameSkeleton\OpenGL3D\OpenGL3D\Debug\link.6152.read.1.tlog
C:\Users\Anthony\Dropbox\Programming\C++\Neumont\GameSkeleton\OpenGL3D\OpenGL3D\Debug\link.6152.write.1.tlog
C:\Users\Anthony\Dropbox\Programming\C++\Neumont\GameSkeleton\OpenGL3D\OpenGL3D\Debug\link.command.1.tlog
C:\Users\Anthony\Dropbox\Programming\C++\Neumont\GameSkeleton\OpenGL3D\OpenGL3D\Debug\link.read.1.tlog
C:\Users\Anthony\Dropbox\Programming\C++\Neumont\GameSkeleton\OpenGL3D\OpenGL3D\Debug\link.write.1.tlog
C:\Users\Anthony\Dropbox\Programming\C++\Neumont\GameSkeleton\OpenGL3D\OpenGL3D\Debug\vc110.idb
C:\Users\Anthony\Dropbox\Programming\C++\Neumont\GameSkeleton\OpenGL3D\OpenGL3D\Debug\vc110.pdb
C:\Users\Anthony\Dropbox\Programming\C++\Neumont\GameSkeleton\OpenGL3D\Debug\OpenGL3D.pdb
C:\Users\Anthony\Dropbox\Programming\C++\Neumont\GameSkeleton\OpenGL3D\Debug\OpenGL3D.exe
C:\Users\Anthony\Dropbox\Programming\C++\Neumont\GameSkeleton\OpenGL3D\Debug\OpenGL3D.ilk
