C:\USERS\ANTHONY\DROPBOX\PROGRAMMING\C++\NEUMONT\GAMESKELETON\GAMESOLUTION\ENGINE\RELEASE\MYRANDOM.OBJ
C:\USERS\ANTHONY\DROPBOX\PROGRAMMING\C++\NEUMONT\GAMESKELETON\GAMESOLUTION\ENGINE\RELEASE\DLLMAIN.OBJ
C:\USERS\ANTHONY\DROPBOX\PROGRAMMING\C++\NEUMONT\GAMESKELETON\GAMESOLUTION\ENGINE\RELEASE\VC110.PDB
C:\Users\Anthony\Dropbox\Programming\C++\Neumont\GameSkeleton\GameSolution\Release\Engine.lib
C:\Users\Anthony\Dropbox\Programming\C++\Neumont\GameSkeleton\GameSolution\Release\Engine.exp
C:\USERS\ANTHONY\DROPBOX\PROGRAMMING\C++\NEUMONT\GAMESKELETON\GAMESOLUTION\RELEASE\ENGINE.DLL
C:\USERS\ANTHONY\DROPBOX\PROGRAMMING\C++\NEUMONT\GAMESKELETON\GAMESOLUTION\RELEASE\ENGINE.PDB
C:\Users\Anthony\Dropbox\Programming\C++\Neumont\GameSkeleton\GameSolution\Engine\Release\dllmain.obj
C:\Users\Anthony\Dropbox\Programming\C++\Neumont\GameSkeleton\GameSolution\Engine\Release\MyRandom.obj
C:\Users\Anthony\Dropbox\Programming\C++\Neumont\GameSkeleton\GameSolution\Engine\Release\cl.command.1.tlog
C:\Users\Anthony\Dropbox\Programming\C++\Neumont\GameSkeleton\GameSolution\Engine\Release\CL.read.1.tlog
C:\Users\Anthony\Dropbox\Programming\C++\Neumont\GameSkeleton\GameSolution\Engine\Release\CL.write.1.tlog
C:\Users\Anthony\Dropbox\Programming\C++\Neumont\GameSkeleton\GameSolution\Engine\Release\Engine.write.1.tlog
C:\Users\Anthony\Dropbox\Programming\C++\Neumont\GameSkeleton\GameSolution\Engine\Release\link-cvtres.read.1.tlog
C:\Users\Anthony\Dropbox\Programming\C++\Neumont\GameSkeleton\GameSolution\Engine\Release\link-cvtres.write.1.tlog
C:\Users\Anthony\Dropbox\Programming\C++\Neumont\GameSkeleton\GameSolution\Engine\Release\link-rc.read.1.tlog
C:\Users\Anthony\Dropbox\Programming\C++\Neumont\GameSkeleton\GameSolution\Engine\Release\link-rc.write.1.tlog
C:\Users\Anthony\Dropbox\Programming\C++\Neumont\GameSkeleton\GameSolution\Engine\Release\link.command.1.tlog
C:\Users\Anthony\Dropbox\Programming\C++\Neumont\GameSkeleton\GameSolution\Engine\Release\link.read.1.tlog
C:\Users\Anthony\Dropbox\Programming\C++\Neumont\GameSkeleton\GameSolution\Engine\Release\link.write.1.tlog
C:\Users\Anthony\Dropbox\Programming\C++\Neumont\GameSkeleton\GameSolution\Engine\Release\vc110.pdb
C:\Users\Anthony\Dropbox\Programming\C++\Neumont\GameSkeleton\GameSolution\Release\Engine.pdb
C:\Users\Anthony\Dropbox\Programming\C++\Neumont\GameSkeleton\GameSolution\Release\Engine.dll
