C:\USERS\ANTHONY\DROPBOX\PROGRAMMING\C++\NEUMONT\GAMESKELETON\GAMESOLUTION\GAME\RELEASE\VC110.PDB
C:\USERS\ANTHONY\DROPBOX\PROGRAMMING\C++\NEUMONT\GAMESKELETON\GAMESOLUTION\GAME\RELEASE\GAMEINSTANCE.OBJ
C:\USERS\ANTHONY\DROPBOX\PROGRAMMING\C++\NEUMONT\GAMESKELETON\GAMESOLUTION\GAME\RELEASE\GAMEENTITY.OBJ
C:\USERS\ANTHONY\DROPBOX\PROGRAMMING\C++\NEUMONT\GAMESKELETON\GAMESOLUTION\GAME\RELEASE\GAMEENEMYHANDLER.OBJ
C:\USERS\ANTHONY\DROPBOX\PROGRAMMING\C++\NEUMONT\GAMESKELETON\GAMESOLUTION\GAME\RELEASE\FONTRENDER.OBJ
C:\USERS\ANTHONY\DROPBOX\PROGRAMMING\C++\NEUMONT\GAMESKELETON\GAMESOLUTION\GAME\RELEASE\FONT.OBJ
C:\USERS\ANTHONY\DROPBOX\PROGRAMMING\C++\NEUMONT\GAMESKELETON\GAMESOLUTION\GAME\RELEASE\FIREONCLICK.OBJ
C:\USERS\ANTHONY\DROPBOX\PROGRAMMING\C++\NEUMONT\GAMESKELETON\GAMESOLUTION\GAME\RELEASE\EXPLOSIONEFFECT.OBJ
C:\USERS\ANTHONY\DROPBOX\PROGRAMMING\C++\NEUMONT\GAMESKELETON\GAMESOLUTION\GAME\RELEASE\EXHAUSTEFFECT.OBJ
C:\USERS\ANTHONY\DROPBOX\PROGRAMMING\C++\NEUMONT\GAMESKELETON\GAMESOLUTION\GAME\RELEASE\ENEMYFACTORY.OBJ
C:\USERS\ANTHONY\DROPBOX\PROGRAMMING\C++\NEUMONT\GAMESKELETON\GAMESOLUTION\GAME\RELEASE\ENEMY.OBJ
C:\USERS\ANTHONY\DROPBOX\PROGRAMMING\C++\NEUMONT\GAMESKELETON\GAMESOLUTION\GAME\RELEASE\ENDGAMEVIEW.OBJ
C:\USERS\ANTHONY\DROPBOX\PROGRAMMING\C++\NEUMONT\GAMESKELETON\GAMESOLUTION\GAME\RELEASE\DYNAMICPOSITIONOFENTITY.OBJ
C:\USERS\ANTHONY\DROPBOX\PROGRAMMING\C++\NEUMONT\GAMESKELETON\GAMESOLUTION\GAME\RELEASE\DYNAMICPOSRANDOM.OBJ
C:\USERS\ANTHONY\DROPBOX\PROGRAMMING\C++\NEUMONT\GAMESKELETON\GAMESOLUTION\GAME\RELEASE\DEBUGTIMER.OBJ
C:\USERS\ANTHONY\DROPBOX\PROGRAMMING\C++\NEUMONT\GAMESKELETON\GAMESOLUTION\GAME\RELEASE\CONTROLLER.OBJ
C:\USERS\ANTHONY\DROPBOX\PROGRAMMING\C++\NEUMONT\GAMESKELETON\GAMESOLUTION\GAME\RELEASE\COMPLEXBOUNDARY.OBJ
C:\USERS\ANTHONY\DROPBOX\PROGRAMMING\C++\NEUMONT\GAMESKELETON\GAMESOLUTION\GAME\RELEASE\BUTTON.OBJ
C:\USERS\ANTHONY\DROPBOX\PROGRAMMING\C++\NEUMONT\GAMESKELETON\GAMESOLUTION\GAME\RELEASE\BULLETMANAGER.OBJ
C:\USERS\ANTHONY\DROPBOX\PROGRAMMING\C++\NEUMONT\GAMESKELETON\GAMESOLUTION\GAME\RELEASE\BULLET.OBJ
C:\USERS\ANTHONY\DROPBOX\PROGRAMMING\C++\NEUMONT\GAMESKELETON\GAMESOLUTION\GAME\RELEASE\BOXEDOFFGRAPHIC.OBJ
C:\USERS\ANTHONY\DROPBOX\PROGRAMMING\C++\NEUMONT\GAMESKELETON\GAMESOLUTION\GAME\RELEASE\STATICPOS.OBJ
C:\USERS\ANTHONY\DROPBOX\PROGRAMMING\C++\NEUMONT\GAMESKELETON\GAMESOLUTION\GAME\RELEASE\STARTSCREEN.OBJ
C:\USERS\ANTHONY\DROPBOX\PROGRAMMING\C++\NEUMONT\GAMESKELETON\GAMESOLUTION\GAME\RELEASE\SPACESHIP.OBJ
C:\USERS\ANTHONY\DROPBOX\PROGRAMMING\C++\NEUMONT\GAMESKELETON\GAMESOLUTION\GAME\RELEASE\SOLARSYSTEM.OBJ
C:\USERS\ANTHONY\DROPBOX\PROGRAMMING\C++\NEUMONT\GAMESKELETON\GAMESOLUTION\GAME\RELEASE\SIMPLEBOUNARY.OBJ
C:\USERS\ANTHONY\DROPBOX\PROGRAMMING\C++\NEUMONT\GAMESKELETON\GAMESOLUTION\GAME\RELEASE\SHAPE.OBJ
C:\USERS\ANTHONY\DROPBOX\PROGRAMMING\C++\NEUMONT\GAMESKELETON\GAMESOLUTION\GAME\RELEASE\SCOREMANAGER.OBJ
C:\USERS\ANTHONY\DROPBOX\PROGRAMMING\C++\NEUMONT\GAMESKELETON\GAMESOLUTION\GAME\RELEASE\PARTICALWITHDESTINATION.OBJ
C:\USERS\ANTHONY\DROPBOX\PROGRAMMING\C++\NEUMONT\GAMESKELETON\GAMESOLUTION\GAME\RELEASE\PARTICALMANAGER.OBJ
C:\USERS\ANTHONY\DROPBOX\PROGRAMMING\C++\NEUMONT\GAMESKELETON\GAMESOLUTION\GAME\RELEASE\PARTICALEFFECT.OBJ
C:\USERS\ANTHONY\DROPBOX\PROGRAMMING\C++\NEUMONT\GAMESKELETON\GAMESOLUTION\GAME\RELEASE\OFFSETGRAPHIC.OBJ
C:\USERS\ANTHONY\DROPBOX\PROGRAMMING\C++\NEUMONT\GAMESKELETON\GAMESOLUTION\GAME\RELEASE\MYGRAPHICS.OBJ
C:\USERS\ANTHONY\DROPBOX\PROGRAMMING\C++\NEUMONT\GAMESKELETON\GAMESOLUTION\GAME\RELEASE\MOVELOGIC.OBJ
C:\USERS\ANTHONY\DROPBOX\PROGRAMMING\C++\NEUMONT\GAMESKELETON\GAMESOLUTION\GAME\RELEASE\LOGMANAGER.OBJ
C:\USERS\ANTHONY\DROPBOX\PROGRAMMING\C++\NEUMONT\GAMESKELETON\GAMESOLUTION\GAME\RELEASE\LIVINGGAMEENTITY.OBJ
C:\USERS\ANTHONY\DROPBOX\PROGRAMMING\C++\NEUMONT\GAMESKELETON\GAMESOLUTION\GAME\RELEASE\LETTER.OBJ
C:\USERS\ANTHONY\DROPBOX\PROGRAMMING\C++\NEUMONT\GAMESKELETON\GAMESOLUTION\GAME\RELEASE\LERPER.OBJ
C:\USERS\ANTHONY\DROPBOX\PROGRAMMING\C++\NEUMONT\GAMESKELETON\GAMESOLUTION\GAME\RELEASE\KAMIKAZEENEMY.OBJ
C:\USERS\ANTHONY\DROPBOX\PROGRAMMING\C++\NEUMONT\GAMESKELETON\GAMESOLUTION\GAME\RELEASE\HUD.OBJ
C:\USERS\ANTHONY\DROPBOX\PROGRAMMING\C++\NEUMONT\GAMESKELETON\GAMESOLUTION\GAME\RELEASE\GAMESPACE.OBJ
C:\USERS\ANTHONY\DROPBOX\PROGRAMMING\C++\NEUMONT\GAMESKELETON\GAMESOLUTION\GAME\RELEASE\MAIN.OBJ
C:\USERS\ANTHONY\DROPBOX\PROGRAMMING\C++\NEUMONT\GAMESKELETON\GAMESOLUTION\GAME\RELEASE\WALL.OBJ
C:\USERS\ANTHONY\DROPBOX\PROGRAMMING\C++\NEUMONT\GAMESKELETON\GAMESOLUTION\GAME\RELEASE\USERMOVELOGIC.OBJ
C:\USERS\ANTHONY\DROPBOX\PROGRAMMING\C++\NEUMONT\GAMESKELETON\GAMESOLUTION\GAME\RELEASE\TURRETMARK5.OBJ
C:\USERS\ANTHONY\DROPBOX\PROGRAMMING\C++\NEUMONT\GAMESKELETON\GAMESOLUTION\GAME\RELEASE\TURRETMARK4.OBJ
C:\USERS\ANTHONY\DROPBOX\PROGRAMMING\C++\NEUMONT\GAMESKELETON\GAMESOLUTION\GAME\RELEASE\TURRETMARK3.OBJ
C:\USERS\ANTHONY\DROPBOX\PROGRAMMING\C++\NEUMONT\GAMESKELETON\GAMESOLUTION\GAME\RELEASE\TURRETMARK2.OBJ
C:\USERS\ANTHONY\DROPBOX\PROGRAMMING\C++\NEUMONT\GAMESKELETON\GAMESOLUTION\GAME\RELEASE\TURRET.OBJ
C:\USERS\ANTHONY\DROPBOX\PROGRAMMING\C++\NEUMONT\GAMESKELETON\GAMESOLUTION\GAME\RELEASE\TIMER.OBJ
C:\USERS\ANTHONY\DROPBOX\PROGRAMMING\C++\NEUMONT\GAMESKELETON\GAMESOLUTION\GAME\RELEASE\TEXTPARTICALMANAGER.OBJ
C:\USERS\ANTHONY\DROPBOX\PROGRAMMING\C++\NEUMONT\GAMESKELETON\GAMESOLUTION\GAME\RELEASE\TEXTFORMATTING.OBJ
C:\USERS\ANTHONY\DROPBOX\PROGRAMMING\C++\NEUMONT\GAMESKELETON\GAMESOLUTION\GAME\RELEASE\TARGETSHIPMOVELOGIC.OBJ
C:\USERS\ANTHONY\DROPBOX\PROGRAMMING\C++\NEUMONT\GAMESKELETON\GAMESOLUTION\GAME\RELEASE\TARGETMOUSE.OBJ
C:\Users\Anthony\Dropbox\Programming\C++\Neumont\GameSkeleton\GameSolution\Game\Release\AutoProfilerManager.obj
C:\Users\Anthony\Dropbox\Programming\C++\Neumont\GameSkeleton\GameSolution\Game\Release\BasicTurret.obj
C:\Users\Anthony\Dropbox\Programming\C++\Neumont\GameSkeleton\GameSolution\Game\Release\Boundary.obj
C:\Users\Anthony\Dropbox\Programming\C++\Neumont\GameSkeleton\GameSolution\Game\Release\BoxedOffGraphic.obj
C:\Users\Anthony\Dropbox\Programming\C++\Neumont\GameSkeleton\GameSolution\Game\Release\Bullet.obj
C:\Users\Anthony\Dropbox\Programming\C++\Neumont\GameSkeleton\GameSolution\Game\Release\BulletManager.obj
C:\Users\Anthony\Dropbox\Programming\C++\Neumont\GameSkeleton\GameSolution\Game\Release\Button.obj
C:\Users\Anthony\Dropbox\Programming\C++\Neumont\GameSkeleton\GameSolution\Game\Release\ComplexBoundary.obj
C:\Users\Anthony\Dropbox\Programming\C++\Neumont\GameSkeleton\GameSolution\Game\Release\Controller.obj
C:\Users\Anthony\Dropbox\Programming\C++\Neumont\GameSkeleton\GameSolution\Game\Release\DebugTimer.obj
C:\Users\Anthony\Dropbox\Programming\C++\Neumont\GameSkeleton\GameSolution\Game\Release\DynamicPositionOfEntity.obj
C:\Users\Anthony\Dropbox\Programming\C++\Neumont\GameSkeleton\GameSolution\Game\Release\DynamicPosRandom.obj
C:\Users\Anthony\Dropbox\Programming\C++\Neumont\GameSkeleton\GameSolution\Game\Release\EndGameView.obj
C:\Users\Anthony\Dropbox\Programming\C++\Neumont\GameSkeleton\GameSolution\Game\Release\Enemy.obj
C:\Users\Anthony\Dropbox\Programming\C++\Neumont\GameSkeleton\GameSolution\Game\Release\EnemyFactory.obj
C:\Users\Anthony\Dropbox\Programming\C++\Neumont\GameSkeleton\GameSolution\Game\Release\ExhaustEffect.obj
C:\Users\Anthony\Dropbox\Programming\C++\Neumont\GameSkeleton\GameSolution\Game\Release\ExplosionEffect.obj
C:\Users\Anthony\Dropbox\Programming\C++\Neumont\GameSkeleton\GameSolution\Game\Release\ExtendedGraphics.obj
C:\Users\Anthony\Dropbox\Programming\C++\Neumont\GameSkeleton\GameSolution\Game\Release\FireOnClick.obj
C:\Users\Anthony\Dropbox\Programming\C++\Neumont\GameSkeleton\GameSolution\Game\Release\Font.obj
C:\Users\Anthony\Dropbox\Programming\C++\Neumont\GameSkeleton\GameSolution\Game\Release\FontRender.obj
C:\Users\Anthony\Dropbox\Programming\C++\Neumont\GameSkeleton\GameSolution\Game\Release\GameEnemyHandler.obj
C:\Users\Anthony\Dropbox\Programming\C++\Neumont\GameSkeleton\GameSolution\Game\Release\GameEntity.obj
C:\Users\Anthony\Dropbox\Programming\C++\Neumont\GameSkeleton\GameSolution\Game\Release\GameInstance.obj
C:\Users\Anthony\Dropbox\Programming\C++\Neumont\GameSkeleton\GameSolution\Game\Release\GameSpace.obj
C:\Users\Anthony\Dropbox\Programming\C++\Neumont\GameSkeleton\GameSolution\Game\Release\HUD.obj
C:\Users\Anthony\Dropbox\Programming\C++\Neumont\GameSkeleton\GameSolution\Game\Release\KamikazeEnemy.obj
C:\Users\Anthony\Dropbox\Programming\C++\Neumont\GameSkeleton\GameSolution\Game\Release\Lerper.obj
C:\Users\Anthony\Dropbox\Programming\C++\Neumont\GameSkeleton\GameSolution\Game\Release\Letter.obj
C:\Users\Anthony\Dropbox\Programming\C++\Neumont\GameSkeleton\GameSolution\Game\Release\LivingGameEntity.obj
C:\Users\Anthony\Dropbox\Programming\C++\Neumont\GameSkeleton\GameSolution\Game\Release\LogManager.obj
C:\Users\Anthony\Dropbox\Programming\C++\Neumont\GameSkeleton\GameSolution\Game\Release\main.obj
C:\Users\Anthony\Dropbox\Programming\C++\Neumont\GameSkeleton\GameSolution\Game\Release\MoveLogic.obj
C:\Users\Anthony\Dropbox\Programming\C++\Neumont\GameSkeleton\GameSolution\Game\Release\MyGraphics.obj
C:\Users\Anthony\Dropbox\Programming\C++\Neumont\GameSkeleton\GameSolution\Game\Release\OffsetGraphic.obj
C:\Users\Anthony\Dropbox\Programming\C++\Neumont\GameSkeleton\GameSolution\Game\Release\ParticalEffect.obj
C:\Users\Anthony\Dropbox\Programming\C++\Neumont\GameSkeleton\GameSolution\Game\Release\ParticalManager.obj
C:\Users\Anthony\Dropbox\Programming\C++\Neumont\GameSkeleton\GameSolution\Game\Release\ParticalWithDestination.obj
C:\Users\Anthony\Dropbox\Programming\C++\Neumont\GameSkeleton\GameSolution\Game\Release\ScoreManager.obj
C:\Users\Anthony\Dropbox\Programming\C++\Neumont\GameSkeleton\GameSolution\Game\Release\Shape.obj
C:\Users\Anthony\Dropbox\Programming\C++\Neumont\GameSkeleton\GameSolution\Game\Release\SimpleBounary.obj
C:\Users\Anthony\Dropbox\Programming\C++\Neumont\GameSkeleton\GameSolution\Game\Release\SolarSystem.obj
C:\Users\Anthony\Dropbox\Programming\C++\Neumont\GameSkeleton\GameSolution\Game\Release\Spaceship.obj
C:\Users\Anthony\Dropbox\Programming\C++\Neumont\GameSkeleton\GameSolution\Game\Release\StartScreen.obj
C:\Users\Anthony\Dropbox\Programming\C++\Neumont\GameSkeleton\GameSolution\Game\Release\StaticPos.obj
C:\Users\Anthony\Dropbox\Programming\C++\Neumont\GameSkeleton\GameSolution\Game\Release\TargetMouse.obj
C:\Users\Anthony\Dropbox\Programming\C++\Neumont\GameSkeleton\GameSolution\Game\Release\TargetShipMoveLogic.obj
C:\Users\Anthony\Dropbox\Programming\C++\Neumont\GameSkeleton\GameSolution\Game\Release\TextFormatting.obj
C:\Users\Anthony\Dropbox\Programming\C++\Neumont\GameSkeleton\GameSolution\Game\Release\TextParticalManager.obj
C:\Users\Anthony\Dropbox\Programming\C++\Neumont\GameSkeleton\GameSolution\Game\Release\Timer.obj
C:\Users\Anthony\Dropbox\Programming\C++\Neumont\GameSkeleton\GameSolution\Game\Release\Turret.obj
C:\Users\Anthony\Dropbox\Programming\C++\Neumont\GameSkeleton\GameSolution\Game\Release\TurretMark2.obj
C:\Users\Anthony\Dropbox\Programming\C++\Neumont\GameSkeleton\GameSolution\Game\Release\TurretMark3.obj
C:\Users\Anthony\Dropbox\Programming\C++\Neumont\GameSkeleton\GameSolution\Game\Release\TurretMark4.obj
C:\Users\Anthony\Dropbox\Programming\C++\Neumont\GameSkeleton\GameSolution\Game\Release\TurretMark5.obj
C:\Users\Anthony\Dropbox\Programming\C++\Neumont\GameSkeleton\GameSolution\Game\Release\UserMoveLogic.obj
C:\Users\Anthony\Dropbox\Programming\C++\Neumont\GameSkeleton\GameSolution\Game\Release\Wall.obj
C:\Users\Anthony\Dropbox\Programming\C++\Neumont\GameSkeleton\GameSolution\Game\Release\cl.command.1.tlog
C:\Users\Anthony\Dropbox\Programming\C++\Neumont\GameSkeleton\GameSolution\Game\Release\CL.read.1.tlog
C:\Users\Anthony\Dropbox\Programming\C++\Neumont\GameSkeleton\GameSolution\Game\Release\CL.write.1.tlog
C:\Users\Anthony\Dropbox\Programming\C++\Neumont\GameSkeleton\GameSolution\Game\Release\link.command.1.tlog
C:\Users\Anthony\Dropbox\Programming\C++\Neumont\GameSkeleton\GameSolution\Game\Release\link.read.1.tlog
C:\Users\Anthony\Dropbox\Programming\C++\Neumont\GameSkeleton\GameSolution\Game\Release\link.write.1.tlog
C:\Users\Anthony\Dropbox\Programming\C++\Neumont\GameSkeleton\GameSolution\Game\Release\vc110.pdb
