Build started 3/6/2014 12:17:03 PM.
     1>Project "C:\Users\Anthony\Dropbox\Programming\C++\Neumont\GameSkeleton\GameSolution\Game\Game.vcxproj" on node 2 (Build target(s)).
     1>Link:
         C:\Program Files (x86)\Microsoft Visual Studio 11.0\VC\bin\link.exe /ERRORREPORT:PROMPT /OUT:"C:\Users\Anthony\Dropbox\Programming\C++\Neumont\GameSkeleton\GameSolution\Release\Game.exe" /INCREMENTAL:NO /NOLOGO /LIBPATH:C:\Users\Anthony\Dropbox\Programming\C++\Neumont\GameSkeleton\GameSolution\Release\ /LIBPATH:C:\Users\Anthony\Dropbox\Programming\C++\Neumont\GameSkeleton\GameSolution\\Core\lib /LIBPATH:C:\Users\Anthony\Dropbox\Programming\C++\Neumont\GameSkeleton\GameSolution\Release\ kernel32.lib user32.lib gdi32.lib winspool.lib comdlg32.lib advapi32.lib shell32.lib ole32.lib oleaut32.lib uuid.lib odbc32.lib odbccp32.lib Engine.lib Core.lib kernel32.lib user32.lib gdi32.lib winspool.lib comdlg32.lib advapi32.lib shell32.lib ole32.lib oleaut32.lib uuid.lib odbc32.lib odbccp32.lib /MANIFEST /MANIFESTUAC:"level='asInvoker' uiAccess='false'" /manifest:embed /DEBUG /PDB:"C:\Users\Anthony\Dropbox\Programming\C++\Neumont\GameSkeleton\GameSolution\Release\Game.pdb" /SUBSYSTEM:WINDOWS /OPT:REF /OPT:ICF /LTCG /TLBID:1 /ENTRY:"mainCRTStartup" /DYNAMICBASE /NXCOMPAT /IMPLIB:"C:\Users\Anthony\Dropbox\Programming\C++\Neumont\GameSkeleton\GameSolution\Release\Game.lib" /MACHINE:X86 /SAFESEH Release\BasicTurret.obj
         Release\Boundary.obj
         Release\BoxedOffGraphic.obj
         Release\Bullet.obj
         Release\BulletManager.obj
         Release\Button.obj
         Release\ComplexBoundary.obj
         Release\Controller.obj
         Release\DynamicPositionOfEntity.obj
         Release\DynamicPosRandom.obj
         Release\EndGameView.obj
         Release\Enemy.obj
         Release\EnemyFactory.obj
         Release\ExhaustEffect.obj
         Release\ExplosionEffect.obj
         Release\ExtendedGraphics.obj
         Release\FireOnClick.obj
         Release\Font.obj
         Release\FontRender.obj
         Release\GameEnemyHandler.obj
         Release\GameEntity.obj
         Release\GameInstance.obj
         Release\GameSpace.obj
         Release\HUD.obj
         Release\KamikazeEnemy.obj
         Release\Lerper.obj
         Release\Letter.obj
         Release\LivingGameEntity.obj
         Release\main.obj
         Release\MoveLogic.obj
         Release\MyGraphics.obj
         Release\OffsetGraphic.obj
         Release\ParticalEffect.obj
         Release\ParticalManager.obj
         Release\ParticalWithDestination.obj
         Release\ScoreManager.obj
         Release\Shape.obj
         Release\SimpleBounary.obj
         Release\SolarSystem.obj
         Release\Spaceship.obj
         Release\StartScreen.obj
         Release\StaticPos.obj
         Release\TargetMouse.obj
         Release\TargetShipMoveLogic.obj
         Release\TextFormatting.obj
         Release\TextParticalManager.obj
         Release\Turret.obj
         Release\TurretMark2.obj
         Release\TurretMark3.obj
         Release\TurretMark4.obj
         Release\TurretMark5.obj
         Release\UserMoveLogic.obj
         Release\Wall.obj
         Generating code
         Finished generating code
         Game.vcxproj -> C:\Users\Anthony\Dropbox\Programming\C++\Neumont\GameSkeleton\GameSolution\Release\Game.exe
     1>Done Building Project "C:\Users\Anthony\Dropbox\Programming\C++\Neumont\GameSkeleton\GameSolution\Game\Game.vcxproj" (Build target(s)).

Build succeeded.

Time Elapsed 00:00:05.79
